<?xml version="1.0" encoding="UTF-8"?>
<testng-results skipped="0" failed="0" ignored="0" total="1" passed="1">
  <reporter-output>
  </reporter-output>
  <suite name="Default suite" duration-ms="4839" started-at="2023-06-06T07:09:55 IST" finished-at="2023-06-06T07:10:00 IST">
    <groups>
    </groups>
    <test name="Default test" duration-ms="4839" started-at="2023-06-06T07:09:55 IST" finished-at="2023-06-06T07:10:00 IST">
      <class name="extent.f1">
        <test-method status="PASS" signature="startTest()[pri:0, instance:extent.f1@4abdb505]" name="startTest" is-config="true" duration-ms="182" started-at="2023-06-06T07:09:55 IST" finished-at="2023-06-06T07:09:55 IST">
          <reporter-output>
          </reporter-output>
        </test-method> <!-- startTest -->
        <test-method status="PASS" signature="extentReportsDemo()[pri:0, instance:extent.f1@4abdb505]" name="extentReportsDemo" duration-ms="4350" started-at="2023-06-06T07:09:55 IST" finished-at="2023-06-06T07:10:00 IST">
          <reporter-output>
          </reporter-output>
        </test-method> <!-- extentReportsDemo -->
        <test-method status="PASS" signature="endTest()[pri:0, instance:extent.f1@4abdb505]" name="endTest" is-config="true" duration-ms="265" started-at="2023-06-06T07:10:00 IST" finished-at="2023-06-06T07:10:00 IST">
          <reporter-output>
          </reporter-output>
        </test-method> <!-- endTest -->
      </class> <!-- extent.f1 -->
    </test> <!-- Default test -->
  </suite> <!-- Default suite -->
</testng-results>
